<?xml version="1.0" encoding="UTF-8"?>
<testng-results skipped="0" failed="1" ignored="0" total="2" passed="1">
  <reporter-output>
  </reporter-output>
  <suite name="Suite" duration-ms="64011" started-at="2019-06-16T13:51:42Z" finished-at="2019-06-16T13:52:46Z">
    <groups>
    </groups>
    <test name="Test" duration-ms="64011" started-at="2019-06-16T13:51:42Z" finished-at="2019-06-16T13:52:46Z">
      <class name="com.zoho.testcases.LoginTest">
        <test-method status="PASS" signature="HomeLoginTest(java.util.HashMap)[pri:0, instance:com.zoho.testcases.LoginTest@39aeed2f]" name="HomeLoginTest" duration-ms="11221" started-at="2019-06-16T19:21:43Z" data-provider="dp" finished-at="2019-06-16T19:21:54Z">
          <params>
            <param index="0">
              <value>
                <![CDATA[{Username=nehadahiya88@yahoo.in, Password=Neha888#}]]>
              </value>
            </param>
          </params>
          <reporter-output>
          </reporter-output>
        </test-method> <!-- HomeLoginTest -->
        <test-method status="FAIL" signature="HomeLoginTest(java.util.HashMap)[pri:0, instance:com.zoho.testcases.LoginTest@39aeed2f]" name="HomeLoginTest" duration-ms="51517" started-at="2019-06-16T19:21:54Z" data-provider="dp" finished-at="2019-06-16T19:22:46Z">
          <params>
            <param index="0">
              <value>
                <![CDATA[{Username=nehadahiya88@yahoo.in, Password=Neha88#}]]>
              </value>
            </param>
          </params>
          <exception class="java.lang.AssertionError">
            <message>
              <![CDATA[Login unsuccessful]]>
            </message>
            <full-stacktrace>
              <![CDATA[java.lang.AssertionError: Login unsuccessful
	at org.testng.Assert.fail(Assert.java:93)
	at com.zoho.Pages.WelcomePage.isLoginSuccessfull(WelcomePage.java:16)
	at com.zoho.testcases.LoginTest.HomeLoginTest(LoginTest.java:23)
	at sun.reflect.NativeMethodAccessorImpl.invoke0(Native Method)
	at sun.reflect.NativeMethodAccessorImpl.invoke(NativeMethodAccessorImpl.java:62)
	at sun.reflect.DelegatingMethodAccessorImpl.invoke(DelegatingMethodAccessorImpl.java:43)
	at java.lang.reflect.Method.invoke(Method.java:498)
	at org.testng.internal.MethodInvocationHelper.invokeMethod(MethodInvocationHelper.java:108)
	at org.testng.internal.Invoker.invokeMethod(Invoker.java:661)
	at org.testng.internal.Invoker.invokeTestMethod(Invoker.java:869)
	at org.testng.internal.Invoker.invokeTestMethods(Invoker.java:1193)
	at org.testng.internal.TestMethodWorker.invokeTestMethods(TestMethodWorker.java:126)
	at org.testng.internal.TestMethodWorker.run(TestMethodWorker.java:109)
	at org.testng.TestRunner.privateRun(TestRunner.java:744)
	at org.testng.TestRunner.run(TestRunner.java:602)
	at org.testng.SuiteRunner.runTest(SuiteRunner.java:380)
	at org.testng.SuiteRunner.runSequentially(SuiteRunner.java:375)
	at org.testng.SuiteRunner.privateRun(SuiteRunner.java:340)
	at org.testng.SuiteRunner.run(SuiteRunner.java:289)
	at org.testng.SuiteRunnerWorker.runSuite(SuiteRunnerWorker.java:52)
	at org.testng.SuiteRunnerWorker.run(SuiteRunnerWorker.java:86)
	at org.testng.TestNG.runSuitesSequentially(TestNG.java:1301)
	at org.testng.TestNG.runSuitesLocally(TestNG.java:1226)
	at org.testng.TestNG.runSuites(TestNG.java:1144)
	at org.testng.TestNG.run(TestNG.java:1115)
	at org.testng.remote.AbstractRemoteTestNG.run(AbstractRemoteTestNG.java:114)
	at org.testng.remote.RemoteTestNG.initAndRun(RemoteTestNG.java:251)
	at org.testng.remote.RemoteTestNG.main(RemoteTestNG.java:77)
]]>
            </full-stacktrace>
          </exception> <!-- java.lang.AssertionError -->
          <reporter-output>
          </reporter-output>
        </test-method> <!-- HomeLoginTest -->
        <test-method status="PASS" signature="teardown()[pri:0, instance:com.zoho.testcases.LoginTest@39aeed2f]" name="teardown" is-config="true" duration-ms="0" started-at="2019-06-16T19:22:46Z" finished-at="2019-06-16T19:22:46Z">
          <reporter-output>
          </reporter-output>
        </test-method> <!-- teardown -->
      </class> <!-- com.zoho.testcases.LoginTest -->
    </test> <!-- Test -->
  </suite> <!-- Suite -->
</testng-results>
